<?xml version="1.0" encoding="UTF-8"?>
<!-- Generated by org.testng.reporters.JUnitReportReporter -->
<testsuite skipped="0" hostname="LAPTOP-G0BF4AFQ" name="com.nettracker.Jiraclass" tests="1" failures="0" timestamp="2022-03-05T20:18:08 IST" time="32.689" errors="0">
  <testcase name="test1" time="32.689" classname="com.nettracker.Jiraclass"/>
  <system-out/>
</testsuite> <!-- com.nettracker.Jiraclass -->
