<?xml version="1.0" encoding="UTF-8"?>
<!-- Generated by org.testng.reporters.JUnitReportReporter -->
<testsuite skipped="0" hostname="LAPTOP-G0BF4AFQ" name="com.Extentreports.Extentreportfile" tests="1" failures="0" timestamp="2022-01-23T12:57:15 IST" time="1.137" errors="0">
  <testcase name="extenttest" time="1.137" classname="com.Extentreports.Extentreportfile"/>
  <system-out/>
</testsuite> <!-- com.Extentreports.Extentreportfile -->
