<?xml version="1.0" encoding="UTF-8"?>
<!-- Generated by org.testng.reporters.JUnitReportReporter -->
<testsuite skipped="0" hostname="LAPTOP-G0BF4AFQ" name="com.nettracker.App_test" tests="2" failures="0" timestamp="2022-01-19T16:10:06 IST" time="0.030" errors="0">
  <testcase name="test" time="0.027" classname="com.nettracker.App_test"/>
  <system-out/>
  <testcase name="test2" time="0.003" classname="com.nettracker.App_test"/>
  <system-out/>
</testsuite> <!-- com.nettracker.App_test -->
