<?xml version="1.0" encoding="UTF-8"?>
<!-- Generated by org.testng.reporters.JUnitReportReporter -->
<testsuite skipped="0" hostname="LAPTOP-G0BF4AFQ" name="com.nettracker.TC_login" tests="1" failures="0" timestamp="2022-01-31T17:14:06 IST" time="18.918" errors="0">
  <testcase name="test1" time="18.918" classname="com.nettracker.TC_login"/>
  <system-out/>
</testsuite> <!-- com.nettracker.TC_login -->
