<?xml version="1.0" encoding="UTF-8"?>
<!-- Generated by org.testng.reporters.JUnitReportReporter -->
<testsuite skipped="0" hostname="LAPTOP-G0BF4AFQ" name="com.nettracker.App_test" tests="2" failures="0" timestamp="2022-01-31T17:14:06 IST" time="0.018" errors="0">
  <testcase name="test2" time="0.000" classname="com.nettracker.App_test"/>
  <system-out/>
  <testcase name="test" time="0.018" classname="com.nettracker.App_test"/>
  <system-out/>
</testsuite> <!-- com.nettracker.App_test -->
